<?xml version="1.0" encoding="UTF-8"?>
<testsuite name="ChangeTest" tests="1" skipped="0" failures="0" errors="0" timestamp="2016-02-11T17:05:05" hostname="epicodus-66.local" time="0.003">
  <properties/>
  <testcase name="changeCalculator_convertsTwentyfivePenniesTo_OneQuarter" classname="ChangeTest" time="0.003"/>
  <system-out><![CDATA[]]></system-out>
  <system-err><![CDATA[]]></system-err>
</testsuite>
